2020-10-26T11:24:27.001+0800	INFO	Z:/project/gitsang/goplt/etcd/watcher/log/sugar.go:27	v2/log.Info	[{resp 23 0  {cluster_id:14841639068965178418 member_id:10276657743932975437 revision:552866 raft_term:11  <nil> {} [] 0}}]
2020-10-26T11:24:28.009+0800	INFO	Z:/project/gitsang/goplt/etcd/watcher/log/sugar.go:27	v2/log.Info	[{resp 23 0  {cluster_id:14841639068965178418 member_id:10276657743932975437 revision:552868 raft_term:11  key:"/sang/key" create_revision:552866 mod_revision:552866 version:1 value:"value-fplln"  {} [] 0}}]
2020-10-26T11:24:29.013+0800	INFO	Z:/project/gitsang/goplt/etcd/watcher/log/sugar.go:27	v2/log.Info	[{resp 23 0  {cluster_id:14841639068965178418 member_id:10276657743932975437 revision:552869 raft_term:11  key:"/sang/key" create_revision:552866 mod_revision:552868 version:2 value:"value-gziey"  {} [] 0}}]
2020-10-26T11:24:30.016+0800	INFO	Z:/project/gitsang/goplt/etcd/watcher/log/sugar.go:27	v2/log.Info	[{resp 23 0  {cluster_id:14841639068965178418 member_id:10276657743932975437 revision:552870 raft_term:11  key:"/sang/key" create_revision:552866 mod_revision:552869 version:3 value:"value-oh43e"  {} [] 0}}]
2020-10-26T11:24:31.019+0800	INFO	Z:/project/gitsang/goplt/etcd/watcher/log/sugar.go:27	v2/log.Info	[{resp 23 0  {cluster_id:14841639068965178418 member_id:10276657743932975437 revision:552871 raft_term:11  key:"/sang/key" create_revision:552866 mod_revision:552870 version:4 value:"value-0133o"  {} [] 0}}]
2020-10-26T11:24:32.021+0800	INFO	Z:/project/gitsang/goplt/etcd/watcher/log/sugar.go:27	v2/log.Info	[{resp 23 0  {cluster_id:14841639068965178418 member_id:10276657743932975437 revision:552872 raft_term:11  key:"/sang/key" create_revision:552866 mod_revision:552871 version:5 value:"value-ls6k1"  {} [] 0}}]
2020-10-26T11:24:33.026+0800	INFO	Z:/project/gitsang/goplt/etcd/watcher/log/sugar.go:27	v2/log.Info	[{resp 23 0  {cluster_id:14841639068965178418 member_id:10276657743932975437 revision:552873 raft_term:11  key:"/sang/key" create_revision:552866 mod_revision:552872 version:6 value:"value-hh2gd"  {} [] 0}}]
2020-10-26T11:24:34.029+0800	INFO	Z:/project/gitsang/goplt/etcd/watcher/log/sugar.go:27	v2/log.Info	[{resp 23 0  {cluster_id:14841639068965178418 member_id:10276657743932975437 revision:552874 raft_term:11  key:"/sang/key" create_revision:552866 mod_revision:552873 version:7 value:"value-nyxxv"  {} [] 0}}]
2020-10-26T11:27:07.237+0800	INFO	log/sugar.go:27	v2/log.Info	[{resp 23 0  {cluster_id:14841639068965178418 member_id:10276657743932975437 revision:552891 raft_term:11  key:"/sang/key" create_revision:552866 mod_revision:552874 version:8 value:"value-i7hvs"  {} [] 0}}]
2020-10-26T11:27:08.243+0800	INFO	log/sugar.go:27	v2/log.Info	[{resp 23 0  {cluster_id:14841639068965178418 member_id:10276657743932975437 revision:552892 raft_term:11  key:"/sang/key" create_revision:552866 mod_revision:552891 version:9 value:"value-fplln"  {} [] 0}}]
2020-10-26T11:27:09.247+0800	INFO	log/sugar.go:27	v2/log.Info	[{resp 23 0  {cluster_id:14841639068965178418 member_id:10276657743932975437 revision:552893 raft_term:11  key:"/sang/key" create_revision:552866 mod_revision:552892 version:10 value:"value-gziey"  {} [] 0}}]
2020-10-26T11:27:10.253+0800	INFO	log/sugar.go:27	v2/log.Info	[{resp 23 0  {cluster_id:14841639068965178418 member_id:10276657743932975437 revision:552894 raft_term:11  key:"/sang/key" create_revision:552866 mod_revision:552893 version:11 value:"value-oh43e"  {} [] 0}}]
2020-10-26T11:27:11.255+0800	INFO	log/sugar.go:27	v2/log.Info	[{resp 23 0  {cluster_id:14841639068965178418 member_id:10276657743932975437 revision:552895 raft_term:11  key:"/sang/key" create_revision:552866 mod_revision:552894 version:12 value:"value-0133o"  {} [] 0}}]
2020-10-26T11:27:12.258+0800	INFO	log/sugar.go:27	v2/log.Info	[{resp 23 0  {cluster_id:14841639068965178418 member_id:10276657743932975437 revision:552896 raft_term:11  key:"/sang/key" create_revision:552866 mod_revision:552895 version:13 value:"value-ls6k1"  {} [] 0}}]
2020-10-26T11:27:13.261+0800	INFO	log/sugar.go:27	v2/log.Info	[{resp 23 0  {cluster_id:14841639068965178418 member_id:10276657743932975437 revision:552897 raft_term:11  key:"/sang/key" create_revision:552866 mod_revision:552896 version:14 value:"value-hh2gd"  {} [] 0}}]
















2020-10-26T11:29:05.638+0800	INFO	log/sugar.go:27	v2/log.Info	[{resp 23 0  {cluster_id:14841639068965178418 member_id:10276657743932975437 revision:552926 raft_term:11  key:"/sang/key" create_revision:552866 mod_revision:552925 version:31 value:"value-nyxxv"  {} [] 0}}]
2020-10-26T11:29:06.645+0800	INFO	log/sugar.go:27	v2/log.Info	[{resp 23 0  {cluster_id:14841639068965178418 member_id:10276657743932975437 revision:552927 raft_term:11  key:"/sang/key" create_revision:552866 mod_revision:552926 version:32 value:"value-fplln"  {} [] 0}}]
2020-10-26T11:29:17.639+0800	INFO	v2/log.Info	[{resp 23 0  {cluster_id:14841639068965178418 member_id:10276657743932975437 revision:552928 raft_term:11  key:"/sang/key" create_revision:552866 mod_revision:552927 version:33 value:"value-gziey"  {} [] 0}}]
2020-10-26T11:29:18.649+0800	INFO	v2/log.Info	[{resp 23 0  {cluster_id:14841639068965178418 member_id:10276657743932975437 revision:552929 raft_term:11  key:"/sang/key" create_revision:552866 mod_revision:552928 version:34 value:"value-fplln"  {} [] 0}}]
2020-10-26T11:29:19.653+0800	INFO	v2/log.Info	[{resp 23 0  {cluster_id:14841639068965178418 member_id:10276657743932975437 revision:552930 raft_term:11  key:"/sang/key" create_revision:552866 mod_revision:552929 version:35 value:"value-gziey"  {} [] 0}}]
2020-10-26T11:29:20.658+0800	INFO	v2/log.Info	[{resp 23 0  {cluster_id:14841639068965178418 member_id:10276657743932975437 revision:552931 raft_term:11  key:"/sang/key" create_revision:552866 mod_revision:552930 version:36 value:"value-oh43e"  {} [] 0}}]
2020-10-26T11:33:58.806+0800	INFO	log/sugar.go:27	v2/log.Info	[watch {type 25 0  PUT} {key 3 0  [47 115 97 110 103 47 107 101 121]} {value 3 0  [118 97 108 117 101 45 102 112 108 108 110]}]
2020-10-26T11:33:58.807+0800	INFO	log/sugar.go:27	v2/log.Info	[{resp 23 0  {cluster_id:14841639068965178418 member_id:10276657743932975437 revision:552961 raft_term:11  key:"/sang/key" create_revision:552866 mod_revision:552931 version:37 value:"value-0133o"  {} [] 0}}]
2020-10-26T11:33:59.815+0800	INFO	log/sugar.go:27	v2/log.Info	[watch {type 25 0  PUT} {key 3 0  [47 115 97 110 103 47 107 101 121]} {value 3 0  [118 97 108 117 101 45 103 122 105 101 121]}]
2020-10-26T11:33:59.815+0800	INFO	log/sugar.go:27	v2/log.Info	[{resp 23 0  {cluster_id:14841639068965178418 member_id:10276657743932975437 revision:552962 raft_term:11  key:"/sang/key" create_revision:552866 mod_revision:552961 version:38 value:"value-fplln"  {} [] 0}}]
2020-10-26T11:34:00.820+0800	INFO	log/sugar.go:27	v2/log.Info	[watch {type 25 0  PUT} {key 3 0  [47 115 97 110 103 47 107 101 121]} {value 3 0  [118 97 108 117 101 45 111 104 52 51 101]}]
2020-10-26T11:34:00.820+0800	INFO	log/sugar.go:27	v2/log.Info	[{resp 23 0  {cluster_id:14841639068965178418 member_id:10276657743932975437 revision:552963 raft_term:11  key:"/sang/key" create_revision:552866 mod_revision:552962 version:39 value:"value-gziey"  {} [] 0}}]
2020-10-26T11:34:01.825+0800	INFO	log/sugar.go:27	v2/log.Info	[watch {type 25 0  PUT} {key 3 0  [47 115 97 110 103 47 107 101 121]} {value 3 0  [118 97 108 117 101 45 48 49 51 51 111]}]
2020-10-26T11:34:01.825+0800	INFO	log/sugar.go:27	v2/log.Info	[{resp 23 0  {cluster_id:14841639068965178418 member_id:10276657743932975437 revision:552964 raft_term:11  key:"/sang/key" create_revision:552866 mod_revision:552963 version:40 value:"value-oh43e"  {} [] 0}}]
2020-10-26T11:34:02.827+0800	INFO	log/sugar.go:27	v2/log.Info	[{resp 23 0  {cluster_id:14841639068965178418 member_id:10276657743932975437 revision:552965 raft_term:11  key:"/sang/key" create_revision:552866 mod_revision:552964 version:41 value:"value-0133o"  {} [] 0}}]
2020-10-26T11:34:02.827+0800	INFO	log/sugar.go:27	v2/log.Info	[watch {type 25 0  PUT} {key 3 0  [47 115 97 110 103 47 107 101 121]} {value 3 0  [118 97 108 117 101 45 108 115 54 107 49]}]
2020-10-26T11:34:03.833+0800	INFO	log/sugar.go:27	v2/log.Info	[watch {type 25 0  PUT} {key 3 0  [47 115 97 110 103 47 107 101 121]} {value 3 0  [118 97 108 117 101 45 104 104 50 103 100]}]
2020-10-26T11:34:03.833+0800	INFO	log/sugar.go:27	v2/log.Info	[{resp 23 0  {cluster_id:14841639068965178418 member_id:10276657743932975437 revision:552966 raft_term:11  key:"/sang/key" create_revision:552866 mod_revision:552965 version:42 value:"value-ls6k1"  {} [] 0}}]
2020-10-26T11:34:04.837+0800	INFO	log/sugar.go:27	v2/log.Info	[{resp 23 0  {cluster_id:14841639068965178418 member_id:10276657743932975437 revision:552967 raft_term:11  key:"/sang/key" create_revision:552866 mod_revision:552966 version:43 value:"value-hh2gd"  {} [] 0}}]
2020-10-26T11:34:04.837+0800	INFO	log/sugar.go:27	v2/log.Info	[watch {type 25 0  PUT} {key 3 0  [47 115 97 110 103 47 107 101 121]} {value 3 0  [118 97 108 117 101 45 110 121 120 120 118]}]
2020-10-26T11:34:05.842+0800	INFO	log/sugar.go:27	v2/log.Info	[{resp 23 0  {cluster_id:14841639068965178418 member_id:10276657743932975437 revision:552968 raft_term:11  key:"/sang/key" create_revision:552866 mod_revision:552967 version:44 value:"value-nyxxv"  {} [] 0}}]
2020-10-26T11:34:05.842+0800	INFO	log/sugar.go:27	v2/log.Info	[watch {type 25 0  PUT} {key 3 0  [47 115 97 110 103 47 107 101 121]} {value 3 0  [118 97 108 117 101 45 105 55 104 118 115]}]
2020-10-26T11:34:06.850+0800	INFO	log/sugar.go:27	v2/log.Info	[watch {type 25 0  PUT} {key 3 0  [47 115 97 110 103 47 107 101 121]} {value 3 0  [118 97 108 117 101 45 122 119 107 49 98]}]
2020-10-26T11:34:06.850+0800	INFO	log/sugar.go:27	v2/log.Info	[{resp 23 0  {cluster_id:14841639068965178418 member_id:10276657743932975437 revision:552969 raft_term:11  key:"/sang/key" create_revision:552866 mod_revision:552968 version:45 value:"value-i7hvs"  {} [] 0}}]
2020-10-26T11:34:18.714+0800	INFO	log/sugar.go:27	v2/log.Info	[watch {type 25 0  PUT} {key 3 0  [47 115 97 110 103 47 107 101 121]} {value 3 0  [118 97 108 117 101 45 102 112 108 108 110]}]
2020-10-26T11:34:18.716+0800	INFO	log/sugar.go:27	v2/log.Info	[{resp 23 0  {cluster_id:14841639068965178418 member_id:10276657743932975437 revision:552974 raft_term:11  key:"/sang/key" create_revision:552866 mod_revision:552969 version:46 value:"value-zwk1b"  {} [] 0}}]
2020-10-26T11:34:23.722+0800	INFO	log/sugar.go:27	v2/log.Info	[watch {type 25 0  PUT} {key 3 0  [47 115 97 110 103 47 107 101 121]} {value 3 0  [118 97 108 117 101 45 103 122 105 101 121]}]
2020-10-26T11:34:23.722+0800	INFO	log/sugar.go:27	v2/log.Info	[{resp 23 0  {cluster_id:14841639068965178418 member_id:10276657743932975437 revision:552975 raft_term:11  key:"/sang/key" create_revision:552866 mod_revision:552974 version:47 value:"value-fplln"  {} [] 0}}]
2020-10-26T11:34:28.729+0800	INFO	log/sugar.go:27	v2/log.Info	[{resp 23 0  {cluster_id:14841639068965178418 member_id:10276657743932975437 revision:552976 raft_term:11  key:"/sang/key" create_revision:552866 mod_revision:552975 version:48 value:"value-gziey"  {} [] 0}}]
2020-10-26T11:34:28.729+0800	INFO	log/sugar.go:27	v2/log.Info	[watch {type 25 0  PUT} {key 3 0  [47 115 97 110 103 47 107 101 121]} {value 3 0  [118 97 108 117 101 45 111 104 52 51 101]}]
2020-10-26T11:34:33.731+0800	INFO	log/sugar.go:27	v2/log.Info	[watch {type 25 0  PUT} {key 3 0  [47 115 97 110 103 47 107 101 121]} {value 3 0  [118 97 108 117 101 45 48 49 51 51 111]}]
2020-10-26T11:34:33.731+0800	INFO	log/sugar.go:27	v2/log.Info	[{resp 23 0  {cluster_id:14841639068965178418 member_id:10276657743932975437 revision:552977 raft_term:11  key:"/sang/key" create_revision:552866 mod_revision:552976 version:49 value:"value-oh43e"  {} [] 0}}]
2020-10-26T11:34:38.734+0800	INFO	log/sugar.go:27	v2/log.Info	[watch {type 25 0  PUT} {key 3 0  [47 115 97 110 103 47 107 101 121]} {value 3 0  [118 97 108 117 101 45 108 115 54 107 49]}]
2020-10-26T11:34:38.735+0800	INFO	log/sugar.go:27	v2/log.Info	[{resp 23 0  {cluster_id:14841639068965178418 member_id:10276657743932975437 revision:552978 raft_term:11  key:"/sang/key" create_revision:552866 mod_revision:552977 version:50 value:"value-0133o"  {} [] 0}}]
2020-10-26T11:34:43.737+0800	INFO	log/sugar.go:27	v2/log.Info	[watch {type 25 0  PUT} {key 3 0  [47 115 97 110 103 47 107 101 121]} {value 3 0  [118 97 108 117 101 45 104 104 50 103 100]}]
2020-10-26T11:34:43.737+0800	INFO	log/sugar.go:27	v2/log.Info	[{resp 23 0  {cluster_id:14841639068965178418 member_id:10276657743932975437 revision:552979 raft_term:11  key:"/sang/key" create_revision:552866 mod_revision:552978 version:51 value:"value-ls6k1"  {} [] 0}}]
2020-10-26T11:34:48.742+0800	INFO	log/sugar.go:27	v2/log.Info	[watch {type 25 0  PUT} {key 3 0  [47 115 97 110 103 47 107 101 121]} {value 3 0  [118 97 108 117 101 45 110 121 120 120 118]}]
2020-10-26T11:34:48.742+0800	INFO	log/sugar.go:27	v2/log.Info	[{resp 23 0  {cluster_id:14841639068965178418 member_id:10276657743932975437 revision:552980 raft_term:11  key:"/sang/key" create_revision:552866 mod_revision:552979 version:52 value:"value-hh2gd"  {} [] 0}}]
2020-10-26T11:34:53.744+0800	INFO	log/sugar.go:27	v2/log.Info	[watch {type 25 0  PUT} {key 3 0  [47 115 97 110 103 47 107 101 121]} {value 3 0  [118 97 108 117 101 45 105 55 104 118 115]}]
2020-10-26T11:34:53.744+0800	INFO	log/sugar.go:27	v2/log.Info	[{resp 23 0  {cluster_id:14841639068965178418 member_id:10276657743932975437 revision:552981 raft_term:11  key:"/sang/key" create_revision:552866 mod_revision:552980 version:53 value:"value-nyxxv"  {} [] 0}}]
2020-10-26T11:34:58.748+0800	INFO	log/sugar.go:27	v2/log.Info	[watch {type 25 0  PUT} {key 3 0  [47 115 97 110 103 47 107 101 121]} {value 3 0  [118 97 108 117 101 45 122 119 107 49 98]}]
2020-10-26T11:34:58.748+0800	INFO	log/sugar.go:27	v2/log.Info	[{resp 23 0  {cluster_id:14841639068965178418 member_id:10276657743932975437 revision:552982 raft_term:11  key:"/sang/key" create_revision:552866 mod_revision:552981 version:54 value:"value-i7hvs"  {} [] 0}}]
2020-10-26T11:34:59.131+0800	INFO	log/sugar.go:27	v2/log.Info	[watch {type 25 0  PUT} {key 3 0  [47 100 121 110 97 109 105 99 47 109 105 100 100 108 101 119 97 114 101 47 112 117 109 112 47 112 117 109 112 95 114 117 110 110 105 110 103 47 103 108 111 98 97 108 47 108 97 105 121 108 45 116 105 100 98 45 51 58 56 50 53 48 47 115 104 101 110 122 104 101 110]} {value 3 0  [91 123 34 100 98 34 58 34 108 97 105 121 108 34 44 34 116 97 98 34 58 34 112 101 114 115 111 110 115 49 34 44 34 103 108 111 98 97 108 34 58 102 97 108 115 101 44 34 100 105 115 97 98 108 101 34 58 102 97 108 115 101 125 44 123 34 100 98 34 58 34 108 97 105 121 108 34 44 34 116 97 98 34 58 34 112 101 114 115 111 110 115 34 44 34 103 108 111 98 97 108 34 58 102 97 108 115 101 44 34 100 105 115 97 98 108 101 34 58 102 97 108 115 101 125 44 123 34 100 98 34 58 34 112 117 98 108 105 99 34 44 34 116 97 98 34 58 34 115 116 97 102 102 34 44 34 103 108 111 98 97 108 34 58 102 97 108 115 101 44 34 100 105 115 97 98 108 101 34 58 102 97 108 115 101 125 44 123 34 100 98 34 58 34 111 110 101 34 44 34 116 97 98 34 58 34 112 101 114 115 111 110 115 34 44 34 103 108 111 98 97 108 34 58 102 97 108 115 101 44 34 100 105 115 97 98 108 101 34 58 102 97 108 115 101 125 93]}]
2020-10-26T11:34:59.133+0800	INFO	log/sugar.go:27	v2/log.Info	[watch {type 25 0  PUT} {key 3 0  [47 100 121 110 97 109 105 99 47 109 105 100 100 108 101 119 97 114 101 47 112 117 109 112 47 112 117 109 112 95 114 117 110 110 105 110 103 47 103 108 111 98 97 108 47 108 97 105 121 108 45 116 105 100 98 45 51 58 56 50 53 48 47 103 108 111 98 97 108]} {value 3 0  [91 123 34 100 98 34 58 34 108 97 105 121 108 34 44 34 116 97 98 34 58 34 112 101 114 115 111 110 115 49 34 44 34 103 108 111 98 97 108 34 58 102 97 108 115 101 44 34 100 105 115 97 98 108 101 34 58 102 97 108 115 101 125 44 123 34 100 98 34 58 34 108 97 105 121 108 34 44 34 116 97 98 34 58 34 112 101 114 115 111 110 115 34 44 34 103 108 111 98 97 108 34 58 102 97 108 115 101 44 34 100 105 115 97 98 108 101 34 58 102 97 108 115 101 125 44 123 34 100 98 34 58 34 112 117 98 108 105 99 34 44 34 116 97 98 34 58 34 115 116 97 102 102 34 44 34 103 108 111 98 97 108 34 58 102 97 108 115 101 44 34 100 105 115 97 98 108 101 34 58 102 97 108 115 101 125 44 123 34 100 98 34 58 34 111 110 101 34 44 34 116 97 98 34 58 34 112 101 114 115 111 110 115 34 44 34 103 108 111 98 97 108 34 58 102 97 108 115 101 44 34 100 105 115 97 98 108 101 34 58 102 97 108 115 101 125 93]}]
2020-10-26T11:34:59.135+0800	INFO	log/sugar.go:27	v2/log.Info	[watch {type 25 0  PUT} {key 3 0  [47 100 121 110 97 109 105 99 47 109 105 100 100 108 101 119 97 114 101 47 112 117 109 112 47 112 117 109 112 95 114 117 110 110 105 110 103 47 103 108 111 98 97 108 47 108 97 105 121 108 45 116 105 100 98 45 51 58 56 50 53 48 47 115 104 97 110 103 104 97 105]} {value 3 0  [91 123 34 100 98 34 58 34 111 110 101 34 44 34 116 97 98 34 58 34 112 101 114 115 111 110 115 34 44 34 103 108 111 98 97 108 34 58 102 97 108 115 101 44 34 100 105 115 97 98 108 101 34 58 102 97 108 115 101 125 44 123 34 100 98 34 58 34 108 97 105 121 108 34 44 34 116 97 98 34 58 34 112 101 114 115 111 110 115 49 34 44 34 103 108 111 98 97 108 34 58 102 97 108 115 101 44 34 100 105 115 97 98 108 101 34 58 102 97 108 115 101 125 44 123 34 100 98 34 58 34 108 97 105 121 108 34 44 34 116 97 98 34 58 34 112 101 114 115 111 110 115 34 44 34 103 108 111 98 97 108 34 58 102 97 108 115 101 44 34 100 105 115 97 98 108 101 34 58 102 97 108 115 101 125 44 123 34 100 98 34 58 34 112 117 98 108 105 99 34 44 34 116 97 98 34 58 34 115 116 97 102 102 34 44 34 103 108 111 98 97 108 34 58 102 97 108 115 101 44 34 100 105 115 97 98 108 101 34 58 102 97 108 115 101 125 93]}]
2020-10-26T11:35:03.752+0800	INFO	log/sugar.go:27	v2/log.Info	[watch {type 25 0  PUT} {key 3 0  [47 115 97 110 103 47 107 101 121]} {value 3 0  [118 97 108 117 101 45 49 56 50 116 118]}]
2020-10-26T11:35:03.752+0800	INFO	log/sugar.go:27	v2/log.Info	[{resp 23 0  {cluster_id:14841639068965178418 member_id:10276657743932975437 revision:552986 raft_term:11  key:"/sang/key" create_revision:552866 mod_revision:552982 version:55 value:"value-zwk1b"  {} [] 0}}]
2020-10-26T11:35:08.755+0800	INFO	log/sugar.go:27	v2/log.Info	[watch {type 25 0  PUT} {key 3 0  [47 115 97 110 103 47 107 101 121]} {value 3 0  [118 97 108 117 101 45 106 122 106 112 101]}]
2020-10-26T11:35:08.755+0800	INFO	log/sugar.go:27	v2/log.Info	[{resp 23 0  {cluster_id:14841639068965178418 member_id:10276657743932975437 revision:552987 raft_term:11  key:"/sang/key" create_revision:552866 mod_revision:552986 version:56 value:"value-182tv"  {} [] 0}}]
2020-10-26T11:35:14.404+0800	INFO	log/sugar.go:27	v2/log.Info	[watch {type 25 0  PUT} {key 5 0  [47 115 97 110 103 47 107 101 121]} {value 5 0  [118 97 108 117 101 45 102 112 108 108 110]}]
2020-10-26T11:35:14.406+0800	INFO	log/sugar.go:27	v2/log.Info	[{resp 23 0  {cluster_id:14841639068965178418 member_id:10276657743932975437 revision:552988 raft_term:11  key:"/sang/key" create_revision:552866 mod_revision:552987 version:57 value:"value-jzjpe"  {} [] 0}}]
2020-10-26T11:35:19.416+0800	INFO	log/sugar.go:27	v2/log.Info	[watch {type 25 0  PUT} {key 5 0  [47 115 97 110 103 47 107 101 121]} {value 5 0  [118 97 108 117 101 45 103 122 105 101 121]}]
2020-10-26T11:35:19.416+0800	INFO	log/sugar.go:27	v2/log.Info	[{resp 23 0  {cluster_id:14841639068965178418 member_id:10276657743932975437 revision:552989 raft_term:11  key:"/sang/key" create_revision:552866 mod_revision:552988 version:58 value:"value-fplln"  {} [] 0}}]
2020-10-26T11:35:24.420+0800	INFO	log/sugar.go:27	v2/log.Info	[watch {type 25 0  PUT} {key 5 0  [47 115 97 110 103 47 107 101 121]} {value 5 0  [118 97 108 117 101 45 111 104 52 51 101]}]
2020-10-26T11:35:24.420+0800	INFO	log/sugar.go:27	v2/log.Info	[{resp 23 0  {cluster_id:14841639068965178418 member_id:10276657743932975437 revision:552990 raft_term:11  key:"/sang/key" create_revision:552866 mod_revision:552989 version:59 value:"value-gziey"  {} [] 0}}]
2020-10-26T11:35:25.201+0800	INFO	log/sugar.go:27	v2/log.Info	[watch {type 25 0  PUT} {key 5 0  [47 100 121 110 97 109 105 99 47 109 105 100 100 108 101 119 97 114 101 47 100 114 97 105 110 101 114 47 99 111 110 115 117 109 101 114 95 114 117 110 110 105 110 103 47 115 104 97 110 103 104 97 105 47 104 116 116 112 58 47 49 48 46 50 48 48 46 49 49 50 46 50 50 51 58 57 52 56 51]} {value 5 0  []}]
2020-10-26T11:35:27.433+0800	INFO	log/sugar.go:27	v2/log.Info	[watch {type 25 0  PUT} {key 5 0  [47 100 121 110 97 109 105 99 47 109 105 100 100 108 101 119 97 114 101 47 100 114 97 105 110 101 114 47 99 111 110 115 117 109 101 114 95 114 117 110 110 105 110 103 47 103 108 111 98 97 108 47 104 116 116 112 58 47 49 48 46 50 48 48 46 49 49 50 46 50 57 58 57 52 56 51]} {value 5 0  []}]
2020-10-26T11:35:29.425+0800	INFO	log/sugar.go:27	v2/log.Info	[watch {type 25 0  PUT} {key 5 0  [47 115 97 110 103 47 107 101 121]} {value 5 0  [118 97 108 117 101 45 48 49 51 51 111]}]
2020-10-26T11:35:29.425+0800	INFO	log/sugar.go:27	v2/log.Info	[{resp 23 0  {cluster_id:14841639068965178418 member_id:10276657743932975437 revision:552993 raft_term:11  key:"/sang/key" create_revision:552866 mod_revision:552990 version:60 value:"value-oh43e"  {} [] 0}}]
2020-10-26T11:35:34.428+0800	INFO	log/sugar.go:27	v2/log.Info	[watch {type 25 0  PUT} {key 5 0  [47 115 97 110 103 47 107 101 121]} {value 5 0  [118 97 108 117 101 45 108 115 54 107 49]}]
2020-10-26T11:35:34.428+0800	INFO	log/sugar.go:27	v2/log.Info	[{resp 23 0  {cluster_id:14841639068965178418 member_id:10276657743932975437 revision:552994 raft_term:11  key:"/sang/key" create_revision:552866 mod_revision:552993 version:61 value:"value-0133o"  {} [] 0}}]
2020-10-26T11:35:39.432+0800	INFO	log/sugar.go:27	v2/log.Info	[watch {type 25 0  PUT} {key 5 0  [47 115 97 110 103 47 107 101 121]} {value 5 0  [118 97 108 117 101 45 104 104 50 103 100]}]
2020-10-26T11:35:39.432+0800	INFO	log/sugar.go:27	v2/log.Info	[{resp 23 0  {cluster_id:14841639068965178418 member_id:10276657743932975437 revision:552995 raft_term:11  key:"/sang/key" create_revision:552866 mod_revision:552994 version:62 value:"value-ls6k1"  {} [] 0}}]
2020-10-26T11:35:40.130+0800	INFO	log/sugar.go:27	v2/log.Info	[watch {type 25 0  PUT} {key 5 0  [47 100 121 110 97 109 105 99 47 109 105 100 100 108 101 119 97 114 101 47 112 117 109 112 47 112 117 109 112 95 114 117 110 110 105 110 103 47 103 108 111 98 97 108 47 108 97 105 121 108 45 116 105 100 98 45 51 58 56 50 53 48 47 115 104 101 110 122 104 101 110]} {value 5 0  [91 123 34 100 98 34 58 34 108 97 105 121 108 34 44 34 116 97 98 34 58 34 112 101 114 115 111 110 115 49 34 44 34 103 108 111 98 97 108 34 58 102 97 108 115 101 44 34 100 105 115 97 98 108 101 34 58 102 97 108 115 101 125 44 123 34 100 98 34 58 34 108 97 105 121 108 34 44 34 116 97 98 34 58 34 112 101 114 115 111 110 115 34 44 34 103 108 111 98 97 108 34 58 102 97 108 115 101 44 34 100 105 115 97 98 108 101 34 58 102 97 108 115 101 125 44 123 34 100 98 34 58 34 112 117 98 108 105 99 34 44 34 116 97 98 34 58 34 115 116 97 102 102 34 44 34 103 108 111 98 97 108 34 58 102 97 108 115 101 44 34 100 105 115 97 98 108 101 34 58 102 97 108 115 101 125 44 123 34 100 98 34 58 34 111 110 101 34 44 34 116 97 98 34 58 34 112 101 114 115 111 110 115 34 44 34 103 108 111 98 97 108 34 58 102 97 108 115 101 44 34 100 105 115 97 98 108 101 34 58 102 97 108 115 101 125 93]}]
2020-10-26T11:35:40.132+0800	INFO	log/sugar.go:27	v2/log.Info	[watch {type 25 0  PUT} {key 5 0  [47 100 121 110 97 109 105 99 47 109 105 100 100 108 101 119 97 114 101 47 112 117 109 112 47 112 117 109 112 95 114 117 110 110 105 110 103 47 103 108 111 98 97 108 47 108 97 105 121 108 45 116 105 100 98 45 51 58 56 50 53 48 47 103 108 111 98 97 108]} {value 5 0  [91 123 34 100 98 34 58 34 108 97 105 121 108 34 44 34 116 97 98 34 58 34 112 101 114 115 111 110 115 49 34 44 34 103 108 111 98 97 108 34 58 102 97 108 115 101 44 34 100 105 115 97 98 108 101 34 58 102 97 108 115 101 125 44 123 34 100 98 34 58 34 108 97 105 121 108 34 44 34 116 97 98 34 58 34 112 101 114 115 111 110 115 34 44 34 103 108 111 98 97 108 34 58 102 97 108 115 101 44 34 100 105 115 97 98 108 101 34 58 102 97 108 115 101 125 44 123 34 100 98 34 58 34 112 117 98 108 105 99 34 44 34 116 97 98 34 58 34 115 116 97 102 102 34 44 34 103 108 111 98 97 108 34 58 102 97 108 115 101 44 34 100 105 115 97 98 108 101 34 58 102 97 108 115 101 125 44 123 34 100 98 34 58 34 111 110 101 34 44 34 116 97 98 34 58 34 112 101 114 115 111 110 115 34 44 34 103 108 111 98 97 108 34 58 102 97 108 115 101 44 34 100 105 115 97 98 108 101 34 58 102 97 108 115 101 125 93]}]
2020-10-26T11:35:40.134+0800	INFO	log/sugar.go:27	v2/log.Info	[watch {type 25 0  PUT} {key 5 0  [47 100 121 110 97 109 105 99 47 109 105 100 100 108 101 119 97 114 101 47 112 117 109 112 47 112 117 109 112 95 114 117 110 110 105 110 103 47 103 108 111 98 97 108 47 108 97 105 121 108 45 116 105 100 98 45 51 58 56 50 53 48 47 115 104 97 110 103 104 97 105]} {value 5 0  [91 123 34 100 98 34 58 34 111 110 101 34 44 34 116 97 98 34 58 34 112 101 114 115 111 110 115 34 44 34 103 108 111 98 97 108 34 58 102 97 108 115 101 44 34 100 105 115 97 98 108 101 34 58 102 97 108 115 101 125 44 123 34 100 98 34 58 34 108 97 105 121 108 34 44 34 116 97 98 34 58 34 112 101 114 115 111 110 115 49 34 44 34 103 108 111 98 97 108 34 58 102 97 108 115 101 44 34 100 105 115 97 98 108 101 34 58 102 97 108 115 101 125 44 123 34 100 98 34 58 34 108 97 105 121 108 34 44 34 116 97 98 34 58 34 112 101 114 115 111 110 115 34 44 34 103 108 111 98 97 108 34 58 102 97 108 115 101 44 34 100 105 115 97 98 108 101 34 58 102 97 108 115 101 125 44 123 34 100 98 34 58 34 112 117 98 108 105 99 34 44 34 116 97 98 34 58 34 115 116 97 102 102 34 44 34 103 108 111 98 97 108 34 58 102 97 108 115 101 44 34 100 105 115 97 98 108 101 34 58 102 97 108 115 101 125 93]}]
2020-10-26T11:35:44.436+0800	INFO	log/sugar.go:27	v2/log.Info	[watch {type 25 0  PUT} {key 5 0  [47 115 97 110 103 47 107 101 121]} {value 5 0  [118 97 108 117 101 45 110 121 120 120 118]}]
2020-10-26T11:35:44.436+0800	INFO	log/sugar.go:27	v2/log.Info	[{resp 23 0  {cluster_id:14841639068965178418 member_id:10276657743932975437 revision:552999 raft_term:11  key:"/sang/key" create_revision:552866 mod_revision:552995 version:63 value:"value-hh2gd"  {} [] 0}}]
2020-10-26T11:35:49.441+0800	INFO	log/sugar.go:27	v2/log.Info	[watch {type 25 0  PUT} {key 5 0  [47 115 97 110 103 47 107 101 121]} {value 5 0  [118 97 108 117 101 45 105 55 104 118 115]}]
2020-10-26T11:35:49.441+0800	INFO	log/sugar.go:27	v2/log.Info	[{resp 23 0  {cluster_id:14841639068965178418 member_id:10276657743932975437 revision:553000 raft_term:11  key:"/sang/key" create_revision:552866 mod_revision:552999 version:64 value:"value-nyxxv"  {} [] 0}}]
2020-10-26T11:35:54.444+0800	INFO	log/sugar.go:27	v2/log.Info	[watch {type 25 0  PUT} {key 5 0  [47 115 97 110 103 47 107 101 121]} {value 5 0  [118 97 108 117 101 45 122 119 107 49 98]}]
2020-10-26T11:35:54.444+0800	INFO	log/sugar.go:27	v2/log.Info	[{resp 23 0  {cluster_id:14841639068965178418 member_id:10276657743932975437 revision:553001 raft_term:11  key:"/sang/key" create_revision:552866 mod_revision:553000 version:65 value:"value-i7hvs"  {} [] 0}}]
2020-10-26T11:42:18.191+0800	INFO	log/sugar.go:27	v2/log.Info	[watch {type 25 0  PUT}]
2020-10-26T11:42:18.193+0800	INFO	log/sugar.go:27	v2/log.Info	[{resp 23 0  {cluster_id:14841639068965178418 member_id:10276657743932975437 revision:553040 raft_term:11  key:"/sang/key" create_revision:552866 mod_revision:553001 version:66 value:"value-zwk1b"  {} [] 0}}]
2020-10-26T11:42:18.201+0800	INFO	log/sugar.go:27	v2/log.Info	[{resp 11 67  <nil>}]
2020-10-26T11:42:23.206+0800	INFO	log/sugar.go:27	v2/log.Info	[watch {type 25 0  PUT}]
2020-10-26T11:42:23.206+0800	INFO	log/sugar.go:27	v2/log.Info	[{resp 23 0  {cluster_id:14841639068965178418 member_id:10276657743932975437 revision:553041 raft_term:11  key:"/sang/key" create_revision:552866 mod_revision:553040 version:67 value:"value-fplln"  {} [] 0}}]
2020-10-26T11:42:23.209+0800	INFO	log/sugar.go:27	v2/log.Info	[{resp 11 68  <nil>}]
2020-10-26T11:42:28.212+0800	INFO	log/sugar.go:27	v2/log.Info	[watch {type 25 0  PUT}]
2020-10-26T11:42:28.213+0800	INFO	log/sugar.go:27	v2/log.Info	[{resp 23 0  {cluster_id:14841639068965178418 member_id:10276657743932975437 revision:553042 raft_term:11  key:"/sang/key" create_revision:552866 mod_revision:553041 version:68 value:"value-gziey"  {} [] 0}}]
2020-10-26T11:42:28.218+0800	INFO	log/sugar.go:27	v2/log.Info	[{resp 11 69  <nil>}]
2020-10-26T11:42:30.131+0800	INFO	log/sugar.go:27	v2/log.Info	[watch {type 25 0  PUT}]
2020-10-26T11:42:30.133+0800	INFO	log/sugar.go:27	v2/log.Info	[watch {type 25 0  PUT}]
2020-10-26T11:42:30.136+0800	INFO	log/sugar.go:27	v2/log.Info	[watch {type 25 0  PUT}]
2020-10-26T11:42:33.221+0800	INFO	log/sugar.go:27	v2/log.Info	[watch {type 25 0  PUT}]
2020-10-26T11:42:33.221+0800	INFO	log/sugar.go:27	v2/log.Info	[{resp 23 0  {cluster_id:14841639068965178418 member_id:10276657743932975437 revision:553046 raft_term:11  key:"/sang/key" create_revision:552866 mod_revision:553042 version:69 value:"value-oh43e"  {} [] 0}}]
2020-10-26T11:42:33.226+0800	INFO	log/sugar.go:27	v2/log.Info	[{resp 11 70  <nil>}]
2020-10-26T11:42:38.230+0800	INFO	log/sugar.go:27	v2/log.Info	[watch {type 25 0  PUT}]
2020-10-26T11:42:38.230+0800	INFO	log/sugar.go:27	v2/log.Info	[{resp 23 0  {cluster_id:14841639068965178418 member_id:10276657743932975437 revision:553047 raft_term:11  key:"/sang/key" create_revision:552866 mod_revision:553046 version:70 value:"value-0133o"  {} [] 0}}]
2020-10-26T11:42:38.232+0800	INFO	log/sugar.go:27	v2/log.Info	[{resp 11 71  <nil>}]
